
*** Running vivado
    with args -log test.vds -m64 -product Vivado -mode batch -messageDb vivado.pb -notrace -source test.tcl


****** Vivado v2024.2 (64-bit)
  **** SW Build 5239630 on Fri Nov 08 22:34:34 MST 2024
  **** IP Build 5239520 on Sun Nov 10 16:12:51 MST 2024
  **** SharedData Build 5239561 on Fri Nov 08 14:39:27 MST 2024
  **** Start of session at: Tue May 13 17:20:12 2025
    ** Copyright 1986-2022 Xilinx, Inc. All Rights Reserved.
    ** Copyright 2022-2024 Advanced Micro Devices, Inc. All Rights Reserved.

source test.tcl -notrace
INFO: [IP_Flow 19-234] Refreshing IP repositories
INFO: [IP_Flow 19-1700] Loaded user IP repository '/tools/Xilinx/Vitis-AI/DPUCZDX8G_VAI_v3.0/dpu_ip'.
INFO: [IP_Flow 19-2313] Loaded Vivado IP repository '/tools/Xilinx/Vivado/2024.2/data/ip'.
Command: synth_design -top test -part xczu9eg-ffvb1156-2-e
Starting synth_design
Attempting to get a license for feature 'Synthesis' and/or device 'xczu9eg'
INFO: [Common 17-349] Got license for feature 'Synthesis' and/or device 'xczu9eg'
INFO: [Device 21-403] Loading part xczu9eg-ffvb1156-2-e
INFO: [Synth 8-7079] Multithreading enabled for synth_design using a maximum of 7 processes.
INFO: [Synth 8-7078] Launching helper process for spawning children vivado processes
INFO: [Synth 8-7075] Helper process launched with PID 85928
---------------------------------------------------------------------------------
Starting RTL Elaboration : Time (s): cpu = 00:00:03 ; elapsed = 00:00:04 . Memory (MB): peak = 2482.992 ; gain = 139.691 ; free physical = 623 ; free virtual = 13725
---------------------------------------------------------------------------------
INFO: [Synth 8-638] synthesizing module 'test' [/home/jellyfish/Documents/FPGA_Accelerated_Computer_Vision_on_Train_Active_Safety_System/src/vivadoProject/vivadoProject.srcs/sources_1/new/test.vhd:41]
INFO: [Synth 8-256] done synthesizing module 'test' (0#1) [/home/jellyfish/Documents/FPGA_Accelerated_Computer_Vision_on_Train_Active_Safety_System/src/vivadoProject/vivadoProject.srcs/sources_1/new/test.vhd:41]
WARNING: [Synth 8-3330] design test has an empty top module
---------------------------------------------------------------------------------
Finished RTL Elaboration : Time (s): cpu = 00:00:04 ; elapsed = 00:00:05 . Memory (MB): peak = 2553.961 ; gain = 210.660 ; free physical = 471 ; free virtual = 13578
---------------------------------------------------------------------------------
---------------------------------------------------------------------------------
Start Handling Custom Attributes
---------------------------------------------------------------------------------
---------------------------------------------------------------------------------
Finished Handling Custom Attributes : Time (s): cpu = 00:00:05 ; elapsed = 00:00:05 . Memory (MB): peak = 2559.898 ; gain = 216.598 ; free physical = 468 ; free virtual = 13575
---------------------------------------------------------------------------------
---------------------------------------------------------------------------------
Finished RTL Optimization Phase 1 : Time (s): cpu = 00:00:05 ; elapsed = 00:00:05 . Memory (MB): peak = 2559.898 ; gain = 216.598 ; free physical = 468 ; free virtual = 13575
---------------------------------------------------------------------------------
Netlist sorting complete. Time (s): cpu = 00:00:00 ; elapsed = 00:00:00 . Memory (MB): peak = 2559.898 ; gain = 0.000 ; free physical = 468 ; free virtual = 13575
INFO: [Project 1-570] Preparing netlist for logic optimization

Processing XDC Constraints
Initializing timing engine
Parsing XDC File [/home/jellyfish/Documents/FPGA_Accelerated_Computer_Vision_on_Train_Active_Safety_System/src/vivadoProject/vivadoProject.srcs/constrs_1/imports/src/791706_001_zcu102_Rev1.0_U1_09152016.xdc]
WARNING: [Vivado 12-584] No ports matched 'L12N_AD8N_50_N'. [/home/jellyfish/Documents/FPGA_Accelerated_Computer_Vision_on_Train_Active_Safety_System/src/vivadoProject/vivadoProject.srcs/constrs_1/imports/src/791706_001_zcu102_Rev1.0_U1_09152016.xdc:14]
CRITICAL WARNING: [Common 17-55] 'set_property' expects at least one object. [/home/jellyfish/Documents/FPGA_Accelerated_Computer_Vision_on_Train_Active_Safety_System/src/vivadoProject/vivadoProject.srcs/constrs_1/imports/src/791706_001_zcu102_Rev1.0_U1_09152016.xdc:14]
Resolution: If [get_<value>] was used to populate the object, check to make sure this command returns at least one valid object.
WARNING: [Vivado 12-584] No ports matched 'L12N_AD8N_50_N'. [/home/jellyfish/Documents/FPGA_Accelerated_Computer_Vision_on_Train_Active_Safety_System/src/vivadoProject/vivadoProject.srcs/constrs_1/imports/src/791706_001_zcu102_Rev1.0_U1_09152016.xdc:15]
CRITICAL WARNING: [Common 17-55] 'set_property' expects at least one object. [/home/jellyfish/Documents/FPGA_Accelerated_Computer_Vision_on_Train_Active_Safety_System/src/vivadoProject/vivadoProject.srcs/constrs_1/imports/src/791706_001_zcu102_Rev1.0_U1_09152016.xdc:15]
Resolution: If [get_<value>] was used to populate the object, check to make sure this command returns at least one valid object.
WARNING: [Vivado 12-584] No ports matched 'L12P_AD8P_50_P'. [/home/jellyfish/Documents/FPGA_Accelerated_Computer_Vision_on_Train_Active_Safety_System/src/vivadoProject/vivadoProject.srcs/constrs_1/imports/src/791706_001_zcu102_Rev1.0_U1_09152016.xdc:16]
CRITICAL WARNING: [Common 17-55] 'set_property' expects at least one object. [/home/jellyfish/Documents/FPGA_Accelerated_Computer_Vision_on_Train_Active_Safety_System/src/vivadoProject/vivadoProject.srcs/constrs_1/imports/src/791706_001_zcu102_Rev1.0_U1_09152016.xdc:16]
Resolution: If [get_<value>] was used to populate the object, check to make sure this command returns at least one valid object.
WARNING: [Vivado 12-584] No ports matched 'L12P_AD8P_50_P'. [/home/jellyfish/Documents/FPGA_Accelerated_Computer_Vision_on_Train_Active_Safety_System/src/vivadoProject/vivadoProject.srcs/constrs_1/imports/src/791706_001_zcu102_Rev1.0_U1_09152016.xdc:17]
CRITICAL WARNING: [Common 17-55] 'set_property' expects at least one object. [/home/jellyfish/Documents/FPGA_Accelerated_Computer_Vision_on_Train_Active_Safety_System/src/vivadoProject/vivadoProject.srcs/constrs_1/imports/src/791706_001_zcu102_Rev1.0_U1_09152016.xdc:17]
Resolution: If [get_<value>] was used to populate the object, check to make sure this command returns at least one valid object.
WARNING: [Vivado 12-584] No ports matched 'L11N_AD9N_50_N'. [/home/jellyfish/Documents/FPGA_Accelerated_Computer_Vision_on_Train_Active_Safety_System/src/vivadoProject/vivadoProject.srcs/constrs_1/imports/src/791706_001_zcu102_Rev1.0_U1_09152016.xdc:18]
CRITICAL WARNING: [Common 17-55] 'set_property' expects at least one object. [/home/jellyfish/Documents/FPGA_Accelerated_Computer_Vision_on_Train_Active_Safety_System/src/vivadoProject/vivadoProject.srcs/constrs_1/imports/src/791706_001_zcu102_Rev1.0_U1_09152016.xdc:18]
Resolution: If [get_<value>] was used to populate the object, check to make sure this command returns at least one valid object.
WARNING: [Vivado 12-584] No ports matched 'L11N_AD9N_50_N'. [/home/jellyfish/Documents/FPGA_Accelerated_Computer_Vision_on_Train_Active_Safety_System/src/vivadoProject/vivadoProject.srcs/constrs_1/imports/src/791706_001_zcu102_Rev1.0_U1_09152016.xdc:19]
CRITICAL WARNING: [Common 17-55] 'set_property' expects at least one object. [/home/jellyfish/Documents/FPGA_Accelerated_Computer_Vision_on_Train_Active_Safety_System/src/vivadoProject/vivadoProject.srcs/constrs_1/imports/src/791706_001_zcu102_Rev1.0_U1_09152016.xdc:19]
Resolution: If [get_<value>] was used to populate the object, check to make sure this command returns at least one valid object.
WARNING: [Vivado 12-584] No ports matched 'L11P_AD9P_50_P'. [/home/jellyfish/Documents/FPGA_Accelerated_Computer_Vision_on_Train_Active_Safety_System/src/vivadoProject/vivadoProject.srcs/constrs_1/imports/src/791706_001_zcu102_Rev1.0_U1_09152016.xdc:20]
CRITICAL WARNING: [Common 17-55] 'set_property' expects at least one object. [/home/jellyfish/Documents/FPGA_Accelerated_Computer_Vision_on_Train_Active_Safety_System/src/vivadoProject/vivadoProject.srcs/constrs_1/imports/src/791706_001_zcu102_Rev1.0_U1_09152016.xdc:20]
Resolution: If [get_<value>] was used to populate the object, check to make sure this command returns at least one valid object.
WARNING: [Vivado 12-584] No ports matched 'L11P_AD9P_50_P'. [/home/jellyfish/Documents/FPGA_Accelerated_Computer_Vision_on_Train_Active_Safety_System/src/vivadoProject/vivadoProject.srcs/constrs_1/imports/src/791706_001_zcu102_Rev1.0_U1_09152016.xdc:21]
CRITICAL WARNING: [Common 17-55] 'set_property' expects at least one object. [/home/jellyfish/Documents/FPGA_Accelerated_Computer_Vision_on_Train_Active_Safety_System/src/vivadoProject/vivadoProject.srcs/constrs_1/imports/src/791706_001_zcu102_Rev1.0_U1_09152016.xdc:21]
Resolution: If [get_<value>] was used to populate the object, check to make sure this command returns at least one valid object.
WARNING: [Vivado 12-584] No ports matched 'L10N_AD10N_50_N'. [/home/jellyfish/Documents/FPGA_Accelerated_Computer_Vision_on_Train_Active_Safety_System/src/vivadoProject/vivadoProject.srcs/constrs_1/imports/src/791706_001_zcu102_Rev1.0_U1_09152016.xdc:22]
CRITICAL WARNING: [Common 17-55] 'set_property' expects at least one object. [/home/jellyfish/Documents/FPGA_Accelerated_Computer_Vision_on_Train_Active_Safety_System/src/vivadoProject/vivadoProject.srcs/constrs_1/imports/src/791706_001_zcu102_Rev1.0_U1_09152016.xdc:22]
Resolution: If [get_<value>] was used to populate the object, check to make sure this command returns at least one valid object.
WARNING: [Vivado 12-584] No ports matched 'L10N_AD10N_50_N'. [/home/jellyfish/Documents/FPGA_Accelerated_Computer_Vision_on_Train_Active_Safety_System/src/vivadoProject/vivadoProject.srcs/constrs_1/imports/src/791706_001_zcu102_Rev1.0_U1_09152016.xdc:23]
CRITICAL WARNING: [Common 17-55] 'set_property' expects at least one object. [/home/jellyfish/Documents/FPGA_Accelerated_Computer_Vision_on_Train_Active_Safety_System/src/vivadoProject/vivadoProject.srcs/constrs_1/imports/src/791706_001_zcu102_Rev1.0_U1_09152016.xdc:23]
Resolution: If [get_<value>] was used to populate the object, check to make sure this command returns at least one valid object.
WARNING: [Vivado 12-584] No ports matched 'L10P_AD10P_50_P'. [/home/jellyfish/Documents/FPGA_Accelerated_Computer_Vision_on_Train_Active_Safety_System/src/vivadoProject/vivadoProject.srcs/constrs_1/imports/src/791706_001_zcu102_Rev1.0_U1_09152016.xdc:24]
CRITICAL WARNING: [Common 17-55] 'set_property' expects at least one object. [/home/jellyfish/Documents/FPGA_Accelerated_Computer_Vision_on_Train_Active_Safety_System/src/vivadoProject/vivadoProject.srcs/constrs_1/imports/src/791706_001_zcu102_Rev1.0_U1_09152016.xdc:24]
Resolution: If [get_<value>] was used to populate the object, check to make sure this command returns at least one valid object.
WARNING: [Vivado 12-584] No ports matched 'L10P_AD10P_50_P'. [/home/jellyfish/Documents/FPGA_Accelerated_Computer_Vision_on_Train_Active_Safety_System/src/vivadoProject/vivadoProject.srcs/constrs_1/imports/src/791706_001_zcu102_Rev1.0_U1_09152016.xdc:25]
CRITICAL WARNING: [Common 17-55] 'set_property' expects at least one object. [/home/jellyfish/Documents/FPGA_Accelerated_Computer_Vision_on_Train_Active_Safety_System/src/vivadoProject/vivadoProject.srcs/constrs_1/imports/src/791706_001_zcu102_Rev1.0_U1_09152016.xdc:25]
Resolution: If [get_<value>] was used to populate the object, check to make sure this command returns at least one valid object.
WARNING: [Vivado 12-584] No ports matched 'L9N_AD11N_50_N'. [/home/jellyfish/Documents/FPGA_Accelerated_Computer_Vision_on_Train_Active_Safety_System/src/vivadoProject/vivadoProject.srcs/constrs_1/imports/src/791706_001_zcu102_Rev1.0_U1_09152016.xdc:26]
CRITICAL WARNING: [Common 17-55] 'set_property' expects at least one object. [/home/jellyfish/Documents/FPGA_Accelerated_Computer_Vision_on_Train_Active_Safety_System/src/vivadoProject/vivadoProject.srcs/constrs_1/imports/src/791706_001_zcu102_Rev1.0_U1_09152016.xdc:26]
Resolution: If [get_<value>] was used to populate the object, check to make sure this command returns at least one valid object.
WARNING: [Vivado 12-584] No ports matched 'L9N_AD11N_50_N'. [/home/jellyfish/Documents/FPGA_Accelerated_Computer_Vision_on_Train_Active_Safety_System/src/vivadoProject/vivadoProject.srcs/constrs_1/imports/src/791706_001_zcu102_Rev1.0_U1_09152016.xdc:27]
CRITICAL WARNING: [Common 17-55] 'set_property' expects at least one object. [/home/jellyfish/Documents/FPGA_Accelerated_Computer_Vision_on_Train_Active_Safety_System/src/vivadoProject/vivadoProject.srcs/constrs_1/imports/src/791706_001_zcu102_Rev1.0_U1_09152016.xdc:27]
Resolution: If [get_<value>] was used to populate the object, check to make sure this command returns at least one valid object.
WARNING: [Vivado 12-584] No ports matched 'L9P_AD11P_50_P'. [/home/jellyfish/Documents/FPGA_Accelerated_Computer_Vision_on_Train_Active_Safety_System/src/vivadoProject/vivadoProject.srcs/constrs_1/imports/src/791706_001_zcu102_Rev1.0_U1_09152016.xdc:28]
CRITICAL WARNING: [Common 17-55] 'set_property' expects at least one object. [/home/jellyfish/Documents/FPGA_Accelerated_Computer_Vision_on_Train_Active_Safety_System/src/vivadoProject/vivadoProject.srcs/constrs_1/imports/src/791706_001_zcu102_Rev1.0_U1_09152016.xdc:28]
Resolution: If [get_<value>] was used to populate the object, check to make sure this command returns at least one valid object.
WARNING: [Vivado 12-584] No ports matched 'L9P_AD11P_50_P'. [/home/jellyfish/Documents/FPGA_Accelerated_Computer_Vision_on_Train_Active_Safety_System/src/vivadoProject/vivadoProject.srcs/constrs_1/imports/src/791706_001_zcu102_Rev1.0_U1_09152016.xdc:29]
CRITICAL WARNING: [Common 17-55] 'set_property' expects at least one object. [/home/jellyfish/Documents/FPGA_Accelerated_Computer_Vision_on_Train_Active_Safety_System/src/vivadoProject/vivadoProject.srcs/constrs_1/imports/src/791706_001_zcu102_Rev1.0_U1_09152016.xdc:29]
Resolution: If [get_<value>] was used to populate the object, check to make sure this command returns at least one valid object.
WARNING: [Vivado 12-584] No ports matched 'L8N_HDGC_50_N'. [/home/jellyfish/Documents/FPGA_Accelerated_Computer_Vision_on_Train_Active_Safety_System/src/vivadoProject/vivadoProject.srcs/constrs_1/imports/src/791706_001_zcu102_Rev1.0_U1_09152016.xdc:30]
CRITICAL WARNING: [Common 17-55] 'set_property' expects at least one object. [/home/jellyfish/Documents/FPGA_Accelerated_Computer_Vision_on_Train_Active_Safety_System/src/vivadoProject/vivadoProject.srcs/constrs_1/imports/src/791706_001_zcu102_Rev1.0_U1_09152016.xdc:30]
Resolution: If [get_<value>] was used to populate the object, check to make sure this command returns at least one valid object.
WARNING: [Vivado 12-584] No ports matched 'L8N_HDGC_50_N'. [/home/jellyfish/Documents/FPGA_Accelerated_Computer_Vision_on_Train_Active_Safety_System/src/vivadoProject/vivadoProject.srcs/constrs_1/imports/src/791706_001_zcu102_Rev1.0_U1_09152016.xdc:31]
CRITICAL WARNING: [Common 17-55] 'set_property' expects at least one object. [/home/jellyfish/Documents/FPGA_Accelerated_Computer_Vision_on_Train_Active_Safety_System/src/vivadoProject/vivadoProject.srcs/constrs_1/imports/src/791706_001_zcu102_Rev1.0_U1_09152016.xdc:31]
Resolution: If [get_<value>] was used to populate the object, check to make sure this command returns at least one valid object.
WARNING: [Vivado 12-584] No ports matched 'L8P_HDGC_50_P'. [/home/jellyfish/Documents/FPGA_Accelerated_Computer_Vision_on_Train_Active_Safety_System/src/vivadoProject/vivadoProject.srcs/constrs_1/imports/src/791706_001_zcu102_Rev1.0_U1_09152016.xdc:32]
CRITICAL WARNING: [Common 17-55] 'set_property' expects at least one object. [/home/jellyfish/Documents/FPGA_Accelerated_Computer_Vision_on_Train_Active_Safety_System/src/vivadoProject/vivadoProject.srcs/constrs_1/imports/src/791706_001_zcu102_Rev1.0_U1_09152016.xdc:32]
Resolution: If [get_<value>] was used to populate the object, check to make sure this command returns at least one valid object.
WARNING: [Vivado 12-584] No ports matched 'L8P_HDGC_50_P'. [/home/jellyfish/Documents/FPGA_Accelerated_Computer_Vision_on_Train_Active_Safety_System/src/vivadoProject/vivadoProject.srcs/constrs_1/imports/src/791706_001_zcu102_Rev1.0_U1_09152016.xdc:33]
CRITICAL WARNING: [Common 17-55] 'set_property' expects at least one object. [/home/jellyfish/Documents/FPGA_Accelerated_Computer_Vision_on_Train_Active_Safety_System/src/vivadoProject/vivadoProject.srcs/constrs_1/imports/src/791706_001_zcu102_Rev1.0_U1_09152016.xdc:33]
Resolution: If [get_<value>] was used to populate the object, check to make sure this command returns at least one valid object.
WARNING: [Vivado 12-584] No ports matched 'HDMI_SI5324_LOL'. [/home/jellyfish/Documents/FPGA_Accelerated_Computer_Vision_on_Train_Active_Safety_System/src/vivadoProject/vivadoProject.srcs/constrs_1/imports/src/791706_001_zcu102_Rev1.0_U1_09152016.xdc:34]
CRITICAL WARNING: [Common 17-55] 'set_property' expects at least one object. [/home/jellyfish/Documents/FPGA_Accelerated_Computer_Vision_on_Train_Active_Safety_System/src/vivadoProject/vivadoProject.srcs/constrs_1/imports/src/791706_001_zcu102_Rev1.0_U1_09152016.xdc:34]
Resolution: If [get_<value>] was used to populate the object, check to make sure this command returns at least one valid object.
WARNING: [Vivado 12-584] No ports matched 'HDMI_SI5324_LOL'. [/home/jellyfish/Documents/FPGA_Accelerated_Computer_Vision_on_Train_Active_Safety_System/src/vivadoProject/vivadoProject.srcs/constrs_1/imports/src/791706_001_zcu102_Rev1.0_U1_09152016.xdc:35]
CRITICAL WARNING: [Common 17-55] 'set_property' expects at least one object. [/home/jellyfish/Documents/FPGA_Accelerated_Computer_Vision_on_Train_Active_Safety_System/src/vivadoProject/vivadoProject.srcs/constrs_1/imports/src/791706_001_zcu102_Rev1.0_U1_09152016.xdc:35]
Resolution: If [get_<value>] was used to populate the object, check to make sure this command returns at least one valid object.
WARNING: [Vivado 12-584] No ports matched 'HDMI_SI5324_RST'. [/home/jellyfish/Documents/FPGA_Accelerated_Computer_Vision_on_Train_Active_Safety_System/src/vivadoProject/vivadoProject.srcs/constrs_1/imports/src/791706_001_zcu102_Rev1.0_U1_09152016.xdc:36]
CRITICAL WARNING: [Common 17-55] 'set_property' expects at least one object. [/home/jellyfish/Documents/FPGA_Accelerated_Computer_Vision_on_Train_Active_Safety_System/src/vivadoProject/vivadoProject.srcs/constrs_1/imports/src/791706_001_zcu102_Rev1.0_U1_09152016.xdc:36]
Resolution: If [get_<value>] was used to populate the object, check to make sure this command returns at least one valid object.
WARNING: [Vivado 12-584] No ports matched 'HDMI_SI5324_RST'. [/home/jellyfish/Documents/FPGA_Accelerated_Computer_Vision_on_Train_Active_Safety_System/src/vivadoProject/vivadoProject.srcs/constrs_1/imports/src/791706_001_zcu102_Rev1.0_U1_09152016.xdc:37]
CRITICAL WARNING: [Common 17-55] 'set_property' expects at least one object. [/home/jellyfish/Documents/FPGA_Accelerated_Computer_Vision_on_Train_Active_Safety_System/src/vivadoProject/vivadoProject.srcs/constrs_1/imports/src/791706_001_zcu102_Rev1.0_U1_09152016.xdc:37]
Resolution: If [get_<value>] was used to populate the object, check to make sure this command returns at least one valid object.
WARNING: [Vivado 12-584] No ports matched 'HDMI_SI5324_INT_ALM'. [/home/jellyfish/Documents/FPGA_Accelerated_Computer_Vision_on_Train_Active_Safety_System/src/vivadoProject/vivadoProject.srcs/constrs_1/imports/src/791706_001_zcu102_Rev1.0_U1_09152016.xdc:38]
CRITICAL WARNING: [Common 17-55] 'set_property' expects at least one object. [/home/jellyfish/Documents/FPGA_Accelerated_Computer_Vision_on_Train_Active_Safety_System/src/vivadoProject/vivadoProject.srcs/constrs_1/imports/src/791706_001_zcu102_Rev1.0_U1_09152016.xdc:38]
Resolution: If [get_<value>] was used to populate the object, check to make sure this command returns at least one valid object.
WARNING: [Vivado 12-584] No ports matched 'HDMI_SI5324_INT_ALM'. [/home/jellyfish/Documents/FPGA_Accelerated_Computer_Vision_on_Train_Active_Safety_System/src/vivadoProject/vivadoProject.srcs/constrs_1/imports/src/791706_001_zcu102_Rev1.0_U1_09152016.xdc:39]
CRITICAL WARNING: [Common 17-55] 'set_property' expects at least one object. [/home/jellyfish/Documents/FPGA_Accelerated_Computer_Vision_on_Train_Active_Safety_System/src/vivadoProject/vivadoProject.srcs/constrs_1/imports/src/791706_001_zcu102_Rev1.0_U1_09152016.xdc:39]
Resolution: If [get_<value>] was used to populate the object, check to make sure this command returns at least one valid object.
WARNING: [Vivado 12-584] No ports matched '34N8121'. [/home/jellyfish/Documents/FPGA_Accelerated_Computer_Vision_on_Train_Active_Safety_System/src/vivadoProject/vivadoProject.srcs/constrs_1/imports/src/791706_001_zcu102_Rev1.0_U1_09152016.xdc:40]
CRITICAL WARNING: [Common 17-55] 'set_property' expects at least one object. [/home/jellyfish/Documents/FPGA_Accelerated_Computer_Vision_on_Train_Active_Safety_System/src/vivadoProject/vivadoProject.srcs/constrs_1/imports/src/791706_001_zcu102_Rev1.0_U1_09152016.xdc:40]
Resolution: If [get_<value>] was used to populate the object, check to make sure this command returns at least one valid object.
WARNING: [Vivado 12-584] No ports matched '34N8121'. [/home/jellyfish/Documents/FPGA_Accelerated_Computer_Vision_on_Train_Active_Safety_System/src/vivadoProject/vivadoProject.srcs/constrs_1/imports/src/791706_001_zcu102_Rev1.0_U1_09152016.xdc:41]
CRITICAL WARNING: [Common 17-55] 'set_property' expects at least one object. [/home/jellyfish/Documents/FPGA_Accelerated_Computer_Vision_on_Train_Active_Safety_System/src/vivadoProject/vivadoProject.srcs/constrs_1/imports/src/791706_001_zcu102_Rev1.0_U1_09152016.xdc:41]
Resolution: If [get_<value>] was used to populate the object, check to make sure this command returns at least one valid object.
WARNING: [Vivado 12-584] No ports matched '34N8125'. [/home/jellyfish/Documents/FPGA_Accelerated_Computer_Vision_on_Train_Active_Safety_System/src/vivadoProject/vivadoProject.srcs/constrs_1/imports/src/791706_001_zcu102_Rev1.0_U1_09152016.xdc:42]
CRITICAL WARNING: [Common 17-55] 'set_property' expects at least one object. [/home/jellyfish/Documents/FPGA_Accelerated_Computer_Vision_on_Train_Active_Safety_System/src/vivadoProject/vivadoProject.srcs/constrs_1/imports/src/791706_001_zcu102_Rev1.0_U1_09152016.xdc:42]
Resolution: If [get_<value>] was used to populate the object, check to make sure this command returns at least one valid object.
WARNING: [Vivado 12-584] No ports matched '34N8125'. [/home/jellyfish/Documents/FPGA_Accelerated_Computer_Vision_on_Train_Active_Safety_System/src/vivadoProject/vivadoProject.srcs/constrs_1/imports/src/791706_001_zcu102_Rev1.0_U1_09152016.xdc:43]
CRITICAL WARNING: [Common 17-55] 'set_property' expects at least one object. [/home/jellyfish/Documents/FPGA_Accelerated_Computer_Vision_on_Train_Active_Safety_System/src/vivadoProject/vivadoProject.srcs/constrs_1/imports/src/791706_001_zcu102_Rev1.0_U1_09152016.xdc:43]
Resolution: If [get_<value>] was used to populate the object, check to make sure this command returns at least one valid object.
WARNING: [Vivado 12-584] No ports matched '34N8129'. [/home/jellyfish/Documents/FPGA_Accelerated_Computer_Vision_on_Train_Active_Safety_System/src/vivadoProject/vivadoProject.srcs/constrs_1/imports/src/791706_001_zcu102_Rev1.0_U1_09152016.xdc:44]
CRITICAL WARNING: [Common 17-55] 'set_property' expects at least one object. [/home/jellyfish/Documents/FPGA_Accelerated_Computer_Vision_on_Train_Active_Safety_System/src/vivadoProject/vivadoProject.srcs/constrs_1/imports/src/791706_001_zcu102_Rev1.0_U1_09152016.xdc:44]
Resolution: If [get_<value>] was used to populate the object, check to make sure this command returns at least one valid object.
WARNING: [Vivado 12-584] No ports matched '34N8129'. [/home/jellyfish/Documents/FPGA_Accelerated_Computer_Vision_on_Train_Active_Safety_System/src/vivadoProject/vivadoProject.srcs/constrs_1/imports/src/791706_001_zcu102_Rev1.0_U1_09152016.xdc:45]
CRITICAL WARNING: [Common 17-55] 'set_property' expects at least one object. [/home/jellyfish/Documents/FPGA_Accelerated_Computer_Vision_on_Train_Active_Safety_System/src/vivadoProject/vivadoProject.srcs/constrs_1/imports/src/791706_001_zcu102_Rev1.0_U1_09152016.xdc:45]
Resolution: If [get_<value>] was used to populate the object, check to make sure this command returns at least one valid object.
WARNING: [Vivado 12-584] No ports matched 'MSP430_GPIO_PL_0'. [/home/jellyfish/Documents/FPGA_Accelerated_Computer_Vision_on_Train_Active_Safety_System/src/vivadoProject/vivadoProject.srcs/constrs_1/imports/src/791706_001_zcu102_Rev1.0_U1_09152016.xdc:48]
CRITICAL WARNING: [Common 17-55] 'set_property' expects at least one object. [/home/jellyfish/Documents/FPGA_Accelerated_Computer_Vision_on_Train_Active_Safety_System/src/vivadoProject/vivadoProject.srcs/constrs_1/imports/src/791706_001_zcu102_Rev1.0_U1_09152016.xdc:48]
Resolution: If [get_<value>] was used to populate the object, check to make sure this command returns at least one valid object.
WARNING: [Vivado 12-584] No ports matched 'MSP430_GPIO_PL_0'. [/home/jellyfish/Documents/FPGA_Accelerated_Computer_Vision_on_Train_Active_Safety_System/src/vivadoProject/vivadoProject.srcs/constrs_1/imports/src/791706_001_zcu102_Rev1.0_U1_09152016.xdc:49]
CRITICAL WARNING: [Common 17-55] 'set_property' expects at least one object. [/home/jellyfish/Documents/FPGA_Accelerated_Computer_Vision_on_Train_Active_Safety_System/src/vivadoProject/vivadoProject.srcs/constrs_1/imports/src/791706_001_zcu102_Rev1.0_U1_09152016.xdc:49]
Resolution: If [get_<value>] was used to populate the object, check to make sure this command returns at least one valid object.
WARNING: [Vivado 12-584] No ports matched 'MSP430_GPIO_PL_1'. [/home/jellyfish/Documents/FPGA_Accelerated_Computer_Vision_on_Train_Active_Safety_System/src/vivadoProject/vivadoProject.srcs/constrs_1/imports/src/791706_001_zcu102_Rev1.0_U1_09152016.xdc:50]
CRITICAL WARNING: [Common 17-55] 'set_property' expects at least one object. [/home/jellyfish/Documents/FPGA_Accelerated_Computer_Vision_on_Train_Active_Safety_System/src/vivadoProject/vivadoProject.srcs/constrs_1/imports/src/791706_001_zcu102_Rev1.0_U1_09152016.xdc:50]
Resolution: If [get_<value>] was used to populate the object, check to make sure this command returns at least one valid object.
WARNING: [Vivado 12-584] No ports matched 'MSP430_GPIO_PL_1'. [/home/jellyfish/Documents/FPGA_Accelerated_Computer_Vision_on_Train_Active_Safety_System/src/vivadoProject/vivadoProject.srcs/constrs_1/imports/src/791706_001_zcu102_Rev1.0_U1_09152016.xdc:51]
CRITICAL WARNING: [Common 17-55] 'set_property' expects at least one object. [/home/jellyfish/Documents/FPGA_Accelerated_Computer_Vision_on_Train_Active_Safety_System/src/vivadoProject/vivadoProject.srcs/constrs_1/imports/src/791706_001_zcu102_Rev1.0_U1_09152016.xdc:51]
Resolution: If [get_<value>] was used to populate the object, check to make sure this command returns at least one valid object.
WARNING: [Vivado 12-584] No ports matched 'MSP430_GPIO_PL_2'. [/home/jellyfish/Documents/FPGA_Accelerated_Computer_Vision_on_Train_Active_Safety_System/src/vivadoProject/vivadoProject.srcs/constrs_1/imports/src/791706_001_zcu102_Rev1.0_U1_09152016.xdc:52]
CRITICAL WARNING: [Common 17-55] 'set_property' expects at least one object. [/home/jellyfish/Documents/FPGA_Accelerated_Computer_Vision_on_Train_Active_Safety_System/src/vivadoProject/vivadoProject.srcs/constrs_1/imports/src/791706_001_zcu102_Rev1.0_U1_09152016.xdc:52]
Resolution: If [get_<value>] was used to populate the object, check to make sure this command returns at least one valid object.
WARNING: [Vivado 12-584] No ports matched 'MSP430_GPIO_PL_2'. [/home/jellyfish/Documents/FPGA_Accelerated_Computer_Vision_on_Train_Active_Safety_System/src/vivadoProject/vivadoProject.srcs/constrs_1/imports/src/791706_001_zcu102_Rev1.0_U1_09152016.xdc:53]
CRITICAL WARNING: [Common 17-55] 'set_property' expects at least one object. [/home/jellyfish/Documents/FPGA_Accelerated_Computer_Vision_on_Train_Active_Safety_System/src/vivadoProject/vivadoProject.srcs/constrs_1/imports/src/791706_001_zcu102_Rev1.0_U1_09152016.xdc:53]
Resolution: If [get_<value>] was used to populate the object, check to make sure this command returns at least one valid object.
WARNING: [Vivado 12-584] No ports matched 'MSP430_GPIO_PL_3'. [/home/jellyfish/Documents/FPGA_Accelerated_Computer_Vision_on_Train_Active_Safety_System/src/vivadoProject/vivadoProject.srcs/constrs_1/imports/src/791706_001_zcu102_Rev1.0_U1_09152016.xdc:54]
CRITICAL WARNING: [Common 17-55] 'set_property' expects at least one object. [/home/jellyfish/Documents/FPGA_Accelerated_Computer_Vision_on_Train_Active_Safety_System/src/vivadoProject/vivadoProject.srcs/constrs_1/imports/src/791706_001_zcu102_Rev1.0_U1_09152016.xdc:54]
Resolution: If [get_<value>] was used to populate the object, check to make sure this command returns at least one valid object.
WARNING: [Vivado 12-584] No ports matched 'MSP430_GPIO_PL_3'. [/home/jellyfish/Documents/FPGA_Accelerated_Computer_Vision_on_Train_Active_Safety_System/src/vivadoProject/vivadoProject.srcs/constrs_1/imports/src/791706_001_zcu102_Rev1.0_U1_09152016.xdc:55]
CRITICAL WARNING: [Common 17-55] 'set_property' expects at least one object. [/home/jellyfish/Documents/FPGA_Accelerated_Computer_Vision_on_Train_Active_Safety_System/src/vivadoProject/vivadoProject.srcs/constrs_1/imports/src/791706_001_zcu102_Rev1.0_U1_09152016.xdc:55]
Resolution: If [get_<value>] was used to populate the object, check to make sure this command returns at least one valid object.
WARNING: [Vivado 12-584] No ports matched 'SFP_SI5328_INT_ALM'. [/home/jellyfish/Documents/FPGA_Accelerated_Computer_Vision_on_Train_Active_Safety_System/src/vivadoProject/vivadoProject.srcs/constrs_1/imports/src/791706_001_zcu102_Rev1.0_U1_09152016.xdc:56]
CRITICAL WARNING: [Common 17-55] 'set_property' expects at least one object. [/home/jellyfish/Documents/FPGA_Accelerated_Computer_Vision_on_Train_Active_Safety_System/src/vivadoProject/vivadoProject.srcs/constrs_1/imports/src/791706_001_zcu102_Rev1.0_U1_09152016.xdc:56]
Resolution: If [get_<value>] was used to populate the object, check to make sure this command returns at least one valid object.
WARNING: [Vivado 12-584] No ports matched 'SFP_SI5328_INT_ALM'. [/home/jellyfish/Documents/FPGA_Accelerated_Computer_Vision_on_Train_Active_Safety_System/src/vivadoProject/vivadoProject.srcs/constrs_1/imports/src/791706_001_zcu102_Rev1.0_U1_09152016.xdc:57]
CRITICAL WARNING: [Common 17-55] 'set_property' expects at least one object. [/home/jellyfish/Documents/FPGA_Accelerated_Computer_Vision_on_Train_Active_Safety_System/src/vivadoProject/vivadoProject.srcs/constrs_1/imports/src/791706_001_zcu102_Rev1.0_U1_09152016.xdc:57]
Resolution: If [get_<value>] was used to populate the object, check to make sure this command returns at least one valid object.
WARNING: [Vivado 12-584] No ports matched 'PL_I2C0_SCL_LS'. [/home/jellyfish/Documents/FPGA_Accelerated_Computer_Vision_on_Train_Active_Safety_System/src/vivadoProject/vivadoProject.srcs/constrs_1/imports/src/791706_001_zcu102_Rev1.0_U1_09152016.xdc:58]
CRITICAL WARNING: [Common 17-55] 'set_property' expects at least one object. [/home/jellyfish/Documents/FPGA_Accelerated_Computer_Vision_on_Train_Active_Safety_System/src/vivadoProject/vivadoProject.srcs/constrs_1/imports/src/791706_001_zcu102_Rev1.0_U1_09152016.xdc:58]
Resolution: If [get_<value>] was used to populate the object, check to make sure this command returns at least one valid object.
WARNING: [Vivado 12-584] No ports matched 'PL_I2C0_SCL_LS'. [/home/jellyfish/Documents/FPGA_Accelerated_Computer_Vision_on_Train_Active_Safety_System/src/vivadoProject/vivadoProject.srcs/constrs_1/imports/src/791706_001_zcu102_Rev1.0_U1_09152016.xdc:59]
CRITICAL WARNING: [Common 17-55] 'set_property' expects at least one object. [/home/jellyfish/Documents/FPGA_Accelerated_Computer_Vision_on_Train_Active_Safety_System/src/vivadoProject/vivadoProject.srcs/constrs_1/imports/src/791706_001_zcu102_Rev1.0_U1_09152016.xdc:59]
Resolution: If [get_<value>] was used to populate the object, check to make sure this command returns at least one valid object.
WARNING: [Vivado 12-584] No ports matched 'PL_I2C0_SDA_LS'. [/home/jellyfish/Documents/FPGA_Accelerated_Computer_Vision_on_Train_Active_Safety_System/src/vivadoProject/vivadoProject.srcs/constrs_1/imports/src/791706_001_zcu102_Rev1.0_U1_09152016.xdc:60]
CRITICAL WARNING: [Common 17-55] 'set_property' expects at least one object. [/home/jellyfish/Documents/FPGA_Accelerated_Computer_Vision_on_Train_Active_Safety_System/src/vivadoProject/vivadoProject.srcs/constrs_1/imports/src/791706_001_zcu102_Rev1.0_U1_09152016.xdc:60]
Resolution: If [get_<value>] was used to populate the object, check to make sure this command returns at least one valid object.
WARNING: [Vivado 12-584] No ports matched 'PL_I2C0_SDA_LS'. [/home/jellyfish/Documents/FPGA_Accelerated_Computer_Vision_on_Train_Active_Safety_System/src/vivadoProject/vivadoProject.srcs/constrs_1/imports/src/791706_001_zcu102_Rev1.0_U1_09152016.xdc:61]
CRITICAL WARNING: [Common 17-55] 'set_property' expects at least one object. [/home/jellyfish/Documents/FPGA_Accelerated_Computer_Vision_on_Train_Active_Safety_System/src/vivadoProject/vivadoProject.srcs/constrs_1/imports/src/791706_001_zcu102_Rev1.0_U1_09152016.xdc:61]
Resolution: If [get_<value>] was used to populate the object, check to make sure this command returns at least one valid object.
WARNING: [Vivado 12-584] No ports matched 'UART2_TXD_O_FPGA_RXD'. [/home/jellyfish/Documents/FPGA_Accelerated_Computer_Vision_on_Train_Active_Safety_System/src/vivadoProject/vivadoProject.srcs/constrs_1/imports/src/791706_001_zcu102_Rev1.0_U1_09152016.xdc:62]
CRITICAL WARNING: [Common 17-55] 'set_property' expects at least one object. [/home/jellyfish/Documents/FPGA_Accelerated_Computer_Vision_on_Train_Active_Safety_System/src/vivadoProject/vivadoProject.srcs/constrs_1/imports/src/791706_001_zcu102_Rev1.0_U1_09152016.xdc:62]
Resolution: If [get_<value>] was used to populate the object, check to make sure this command returns at least one valid object.
WARNING: [Vivado 12-584] No ports matched 'UART2_TXD_O_FPGA_RXD'. [/home/jellyfish/Documents/FPGA_Accelerated_Computer_Vision_on_Train_Active_Safety_System/src/vivadoProject/vivadoProject.srcs/constrs_1/imports/src/791706_001_zcu102_Rev1.0_U1_09152016.xdc:63]
CRITICAL WARNING: [Common 17-55] 'set_property' expects at least one object. [/home/jellyfish/Documents/FPGA_Accelerated_Computer_Vision_on_Train_Active_Safety_System/src/vivadoProject/vivadoProject.srcs/constrs_1/imports/src/791706_001_zcu102_Rev1.0_U1_09152016.xdc:63]
Resolution: If [get_<value>] was used to populate the object, check to make sure this command returns at least one valid object.
WARNING: [Vivado 12-584] No ports matched 'UART2_RXD_I_FPGA_TXD'. [/home/jellyfish/Documents/FPGA_Accelerated_Computer_Vision_on_Train_Active_Safety_System/src/vivadoProject/vivadoProject.srcs/constrs_1/imports/src/791706_001_zcu102_Rev1.0_U1_09152016.xdc:64]
CRITICAL WARNING: [Common 17-55] 'set_property' expects at least one object. [/home/jellyfish/Documents/FPGA_Accelerated_Computer_Vision_on_Train_Active_Safety_System/src/vivadoProject/vivadoProject.srcs/constrs_1/imports/src/791706_001_zcu102_Rev1.0_U1_09152016.xdc:64]
Resolution: If [get_<value>] was used to populate the object, check to make sure this command returns at least one valid object.
WARNING: [Vivado 12-584] No ports matched 'UART2_RXD_I_FPGA_TXD'. [/home/jellyfish/Documents/FPGA_Accelerated_Computer_Vision_on_Train_Active_Safety_System/src/vivadoProject/vivadoProject.srcs/constrs_1/imports/src/791706_001_zcu102_Rev1.0_U1_09152016.xdc:65]
CRITICAL WARNING: [Common 17-55] 'set_property' expects at least one object. [/home/jellyfish/Documents/FPGA_Accelerated_Computer_Vision_on_Train_Active_Safety_System/src/vivadoProject/vivadoProject.srcs/constrs_1/imports/src/791706_001_zcu102_Rev1.0_U1_09152016.xdc:65]
Resolution: If [get_<value>] was used to populate the object, check to make sure this command returns at least one valid object.
WARNING: [Vivado 12-584] No ports matched 'UART2_RTS_O_B'. [/home/jellyfish/Documents/FPGA_Accelerated_Computer_Vision_on_Train_Active_Safety_System/src/vivadoProject/vivadoProject.srcs/constrs_1/imports/src/791706_001_zcu102_Rev1.0_U1_09152016.xdc:66]
CRITICAL WARNING: [Common 17-55] 'set_property' expects at least one object. [/home/jellyfish/Documents/FPGA_Accelerated_Computer_Vision_on_Train_Active_Safety_System/src/vivadoProject/vivadoProject.srcs/constrs_1/imports/src/791706_001_zcu102_Rev1.0_U1_09152016.xdc:66]
Resolution: If [get_<value>] was used to populate the object, check to make sure this command returns at least one valid object.
WARNING: [Vivado 12-584] No ports matched 'UART2_RTS_O_B'. [/home/jellyfish/Documents/FPGA_Accelerated_Computer_Vision_on_Train_Active_Safety_System/src/vivadoProject/vivadoProject.srcs/constrs_1/imports/src/791706_001_zcu102_Rev1.0_U1_09152016.xdc:67]
CRITICAL WARNING: [Common 17-55] 'set_property' expects at least one object. [/home/jellyfish/Documents/FPGA_Accelerated_Computer_Vision_on_Train_Active_Safety_System/src/vivadoProject/vivadoProject.srcs/constrs_1/imports/src/791706_001_zcu102_Rev1.0_U1_09152016.xdc:67]
Resolution: If [get_<value>] was used to populate the object, check to make sure this command returns at least one valid object.
WARNING: [Vivado 12-584] No ports matched 'UART2_CTS_I_B'. [/home/jellyfish/Documents/FPGA_Accelerated_Computer_Vision_on_Train_Active_Safety_System/src/vivadoProject/vivadoProject.srcs/constrs_1/imports/src/791706_001_zcu102_Rev1.0_U1_09152016.xdc:68]
CRITICAL WARNING: [Common 17-55] 'set_property' expects at least one object. [/home/jellyfish/Documents/FPGA_Accelerated_Computer_Vision_on_Train_Active_Safety_System/src/vivadoProject/vivadoProject.srcs/constrs_1/imports/src/791706_001_zcu102_Rev1.0_U1_09152016.xdc:68]
Resolution: If [get_<value>] was used to populate the object, check to make sure this command returns at least one valid object.
WARNING: [Vivado 12-584] No ports matched 'UART2_CTS_I_B'. [/home/jellyfish/Documents/FPGA_Accelerated_Computer_Vision_on_Train_Active_Safety_System/src/vivadoProject/vivadoProject.srcs/constrs_1/imports/src/791706_001_zcu102_Rev1.0_U1_09152016.xdc:69]
CRITICAL WARNING: [Common 17-55] 'set_property' expects at least one object. [/home/jellyfish/Documents/FPGA_Accelerated_Computer_Vision_on_Train_Active_Safety_System/src/vivadoProject/vivadoProject.srcs/constrs_1/imports/src/791706_001_zcu102_Rev1.0_U1_09152016.xdc:69]
Resolution: If [get_<value>] was used to populate the object, check to make sure this command returns at least one valid object.
WARNING: [Vivado 12-584] No ports matched 'MSP430_UCA1_TXD'. [/home/jellyfish/Documents/FPGA_Accelerated_Computer_Vision_on_Train_Active_Safety_System/src/vivadoProject/vivadoProject.srcs/constrs_1/imports/src/791706_001_zcu102_Rev1.0_U1_09152016.xdc:70]
CRITICAL WARNING: [Common 17-55] 'set_property' expects at least one object. [/home/jellyfish/Documents/FPGA_Accelerated_Computer_Vision_on_Train_Active_Safety_System/src/vivadoProject/vivadoProject.srcs/constrs_1/imports/src/791706_001_zcu102_Rev1.0_U1_09152016.xdc:70]
Resolution: If [get_<value>] was used to populate the object, check to make sure this command returns at least one valid object.
WARNING: [Vivado 12-584] No ports matched 'MSP430_UCA1_TXD'. [/home/jellyfish/Documents/FPGA_Accelerated_Computer_Vision_on_Train_Active_Safety_System/src/vivadoProject/vivadoProject.srcs/constrs_1/imports/src/791706_001_zcu102_Rev1.0_U1_09152016.xdc:71]
CRITICAL WARNING: [Common 17-55] 'set_property' expects at least one object. [/home/jellyfish/Documents/FPGA_Accelerated_Computer_Vision_on_Train_Active_Safety_System/src/vivadoProject/vivadoProject.srcs/constrs_1/imports/src/791706_001_zcu102_Rev1.0_U1_09152016.xdc:71]
Resolution: If [get_<value>] was used to populate the object, check to make sure this command returns at least one valid object.
WARNING: [Vivado 12-584] No ports matched 'MSP430_UCA1_RXD'. [/home/jellyfish/Documents/FPGA_Accelerated_Computer_Vision_on_Train_Active_Safety_System/src/vivadoProject/vivadoProject.srcs/constrs_1/imports/src/791706_001_zcu102_Rev1.0_U1_09152016.xdc:72]
CRITICAL WARNING: [Common 17-55] 'set_property' expects at least one object. [/home/jellyfish/Documents/FPGA_Accelerated_Computer_Vision_on_Train_Active_Safety_System/src/vivadoProject/vivadoProject.srcs/constrs_1/imports/src/791706_001_zcu102_Rev1.0_U1_09152016.xdc:72]
Resolution: If [get_<value>] was used to populate the object, check to make sure this command returns at least one valid object.
WARNING: [Vivado 12-584] No ports matched 'MSP430_UCA1_RXD'. [/home/jellyfish/Documents/FPGA_Accelerated_Computer_Vision_on_Train_Active_Safety_System/src/vivadoProject/vivadoProject.srcs/constrs_1/imports/src/791706_001_zcu102_Rev1.0_U1_09152016.xdc:73]
CRITICAL WARNING: [Common 17-55] 'set_property' expects at least one object. [/home/jellyfish/Documents/FPGA_Accelerated_Computer_Vision_on_Train_Active_Safety_System/src/vivadoProject/vivadoProject.srcs/constrs_1/imports/src/791706_001_zcu102_Rev1.0_U1_09152016.xdc:73]
Resolution: If [get_<value>] was used to populate the object, check to make sure this command returns at least one valid object.
WARNING: [Vivado 12-584] No ports matched 'SFP0_TX_DISABLE'. [/home/jellyfish/Documents/FPGA_Accelerated_Computer_Vision_on_Train_Active_Safety_System/src/vivadoProject/vivadoProject.srcs/constrs_1/imports/src/791706_001_zcu102_Rev1.0_U1_09152016.xdc:74]
CRITICAL WARNING: [Common 17-55] 'set_property' expects at least one object. [/home/jellyfish/Documents/FPGA_Accelerated_Computer_Vision_on_Train_Active_Safety_System/src/vivadoProject/vivadoProject.srcs/constrs_1/imports/src/791706_001_zcu102_Rev1.0_U1_09152016.xdc:74]
Resolution: If [get_<value>] was used to populate the object, check to make sure this command returns at least one valid object.
WARNING: [Vivado 12-584] No ports matched 'SFP0_TX_DISABLE'. [/home/jellyfish/Documents/FPGA_Accelerated_Computer_Vision_on_Train_Active_Safety_System/src/vivadoProject/vivadoProject.srcs/constrs_1/imports/src/791706_001_zcu102_Rev1.0_U1_09152016.xdc:75]
CRITICAL WARNING: [Common 17-55] 'set_property' expects at least one object. [/home/jellyfish/Documents/FPGA_Accelerated_Computer_Vision_on_Train_Active_Safety_System/src/vivadoProject/vivadoProject.srcs/constrs_1/imports/src/791706_001_zcu102_Rev1.0_U1_09152016.xdc:75]
Resolution: If [get_<value>] was used to populate the object, check to make sure this command returns at least one valid object.
WARNING: [Vivado 12-584] No ports matched 'SFP1_TX_DISABLE'. [/home/jellyfish/Documents/FPGA_Accelerated_Computer_Vision_on_Train_Active_Safety_System/src/vivadoProject/vivadoProject.srcs/constrs_1/imports/src/791706_001_zcu102_Rev1.0_U1_09152016.xdc:76]
CRITICAL WARNING: [Common 17-55] 'set_property' expects at least one object. [/home/jellyfish/Documents/FPGA_Accelerated_Computer_Vision_on_Train_Active_Safety_System/src/vivadoProject/vivadoProject.srcs/constrs_1/imports/src/791706_001_zcu102_Rev1.0_U1_09152016.xdc:76]
Resolution: If [get_<value>] was used to populate the object, check to make sure this command returns at least one valid object.
WARNING: [Vivado 12-584] No ports matched 'SFP1_TX_DISABLE'. [/home/jellyfish/Documents/FPGA_Accelerated_Computer_Vision_on_Train_Active_Safety_System/src/vivadoProject/vivadoProject.srcs/constrs_1/imports/src/791706_001_zcu102_Rev1.0_U1_09152016.xdc:77]
CRITICAL WARNING: [Common 17-55] 'set_property' expects at least one object. [/home/jellyfish/Documents/FPGA_Accelerated_Computer_Vision_on_Train_Active_Safety_System/src/vivadoProject/vivadoProject.srcs/constrs_1/imports/src/791706_001_zcu102_Rev1.0_U1_09152016.xdc:77]
Resolution: If [get_<value>] was used to populate the object, check to make sure this command returns at least one valid object.
WARNING: [Vivado 12-584] No ports matched 'SFP2_TX_DISABLE'. [/home/jellyfish/Documents/FPGA_Accelerated_Computer_Vision_on_Train_Active_Safety_System/src/vivadoProject/vivadoProject.srcs/constrs_1/imports/src/791706_001_zcu102_Rev1.0_U1_09152016.xdc:78]
CRITICAL WARNING: [Common 17-55] 'set_property' expects at least one object. [/home/jellyfish/Documents/FPGA_Accelerated_Computer_Vision_on_Train_Active_Safety_System/src/vivadoProject/vivadoProject.srcs/constrs_1/imports/src/791706_001_zcu102_Rev1.0_U1_09152016.xdc:78]
Resolution: If [get_<value>] was used to populate the object, check to make sure this command returns at least one valid object.
WARNING: [Vivado 12-584] No ports matched 'SFP2_TX_DISABLE'. [/home/jellyfish/Documents/FPGA_Accelerated_Computer_Vision_on_Train_Active_Safety_System/src/vivadoProject/vivadoProject.srcs/constrs_1/imports/src/791706_001_zcu102_Rev1.0_U1_09152016.xdc:79]
CRITICAL WARNING: [Common 17-55] 'set_property' expects at least one object. [/home/jellyfish/Documents/FPGA_Accelerated_Computer_Vision_on_Train_Active_Safety_System/src/vivadoProject/vivadoProject.srcs/constrs_1/imports/src/791706_001_zcu102_Rev1.0_U1_09152016.xdc:79]
Resolution: If [get_<value>] was used to populate the object, check to make sure this command returns at least one valid object.
WARNING: [Vivado 12-584] No ports matched 'SFP3_TX_DISABLE'. [/home/jellyfish/Documents/FPGA_Accelerated_Computer_Vision_on_Train_Active_Safety_System/src/vivadoProject/vivadoProject.srcs/constrs_1/imports/src/791706_001_zcu102_Rev1.0_U1_09152016.xdc:80]
CRITICAL WARNING: [Common 17-55] 'set_property' expects at least one object. [/home/jellyfish/Documents/FPGA_Accelerated_Computer_Vision_on_Train_Active_Safety_System/src/vivadoProject/vivadoProject.srcs/constrs_1/imports/src/791706_001_zcu102_Rev1.0_U1_09152016.xdc:80]
Resolution: If [get_<value>] was used to populate the object, check to make sure this command returns at least one valid object.
WARNING: [Vivado 12-584] No ports matched 'SFP3_TX_DISABLE'. [/home/jellyfish/Documents/FPGA_Accelerated_Computer_Vision_on_Train_Active_Safety_System/src/vivadoProject/vivadoProject.srcs/constrs_1/imports/src/791706_001_zcu102_Rev1.0_U1_09152016.xdc:81]
CRITICAL WARNING: [Common 17-55] 'set_property' expects at least one object. [/home/jellyfish/Documents/FPGA_Accelerated_Computer_Vision_on_Train_Active_Safety_System/src/vivadoProject/vivadoProject.srcs/constrs_1/imports/src/791706_001_zcu102_Rev1.0_U1_09152016.xdc:81]
Resolution: If [get_<value>] was used to populate the object, check to make sure this command returns at least one valid object.
WARNING: [Vivado 12-584] No ports matched 'SYSMON_SDA'. [/home/jellyfish/Documents/FPGA_Accelerated_Computer_Vision_on_Train_Active_Safety_System/src/vivadoProject/vivadoProject.srcs/constrs_1/imports/src/791706_001_zcu102_Rev1.0_U1_09152016.xdc:82]
CRITICAL WARNING: [Common 17-55] 'set_property' expects at least one object. [/home/jellyfish/Documents/FPGA_Accelerated_Computer_Vision_on_Train_Active_Safety_System/src/vivadoProject/vivadoProject.srcs/constrs_1/imports/src/791706_001_zcu102_Rev1.0_U1_09152016.xdc:82]
Resolution: If [get_<value>] was used to populate the object, check to make sure this command returns at least one valid object.
WARNING: [Vivado 12-584] No ports matched 'SYSMON_SDA'. [/home/jellyfish/Documents/FPGA_Accelerated_Computer_Vision_on_Train_Active_Safety_System/src/vivadoProject/vivadoProject.srcs/constrs_1/imports/src/791706_001_zcu102_Rev1.0_U1_09152016.xdc:83]
CRITICAL WARNING: [Common 17-55] 'set_property' expects at least one object. [/home/jellyfish/Documents/FPGA_Accelerated_Computer_Vision_on_Train_Active_Safety_System/src/vivadoProject/vivadoProject.srcs/constrs_1/imports/src/791706_001_zcu102_Rev1.0_U1_09152016.xdc:83]
Resolution: If [get_<value>] was used to populate the object, check to make sure this command returns at least one valid object.
WARNING: [Vivado 12-584] No ports matched 'SYSMON_SCL'. [/home/jellyfish/Documents/FPGA_Accelerated_Computer_Vision_on_Train_Active_Safety_System/src/vivadoProject/vivadoProject.srcs/constrs_1/imports/src/791706_001_zcu102_Rev1.0_U1_09152016.xdc:84]
CRITICAL WARNING: [Common 17-55] 'set_property' expects at least one object. [/home/jellyfish/Documents/FPGA_Accelerated_Computer_Vision_on_Train_Active_Safety_System/src/vivadoProject/vivadoProject.srcs/constrs_1/imports/src/791706_001_zcu102_Rev1.0_U1_09152016.xdc:84]
Resolution: If [get_<value>] was used to populate the object, check to make sure this command returns at least one valid object.
WARNING: [Vivado 12-584] No ports matched 'SYSMON_SCL'. [/home/jellyfish/Documents/FPGA_Accelerated_Computer_Vision_on_Train_Active_Safety_System/src/vivadoProject/vivadoProject.srcs/constrs_1/imports/src/791706_001_zcu102_Rev1.0_U1_09152016.xdc:85]
CRITICAL WARNING: [Common 17-55] 'set_property' expects at least one object. [/home/jellyfish/Documents/FPGA_Accelerated_Computer_Vision_on_Train_Active_Safety_System/src/vivadoProject/vivadoProject.srcs/constrs_1/imports/src/791706_001_zcu102_Rev1.0_U1_09152016.xdc:85]
Resolution: If [get_<value>] was used to populate the object, check to make sure this command returns at least one valid object.
WARNING: [Vivado 12-584] No ports matched 'HDMI_RX_PWR_DET'. [/home/jellyfish/Documents/FPGA_Accelerated_Computer_Vision_on_Train_Active_Safety_System/src/vivadoProject/vivadoProject.srcs/constrs_1/imports/src/791706_001_zcu102_Rev1.0_U1_09152016.xdc:86]
CRITICAL WARNING: [Common 17-55] 'set_property' expects at least one object. [/home/jellyfish/Documents/FPGA_Accelerated_Computer_Vision_on_Train_Active_Safety_System/src/vivadoProject/vivadoProject.srcs/constrs_1/imports/src/791706_001_zcu102_Rev1.0_U1_09152016.xdc:86]
Resolution: If [get_<value>] was used to populate the object, check to make sure this command returns at least one valid object.
WARNING: [Vivado 12-584] No ports matched 'HDMI_RX_PWR_DET'. [/home/jellyfish/Documents/FPGA_Accelerated_Computer_Vision_on_Train_Active_Safety_System/src/vivadoProject/vivadoProject.srcs/constrs_1/imports/src/791706_001_zcu102_Rev1.0_U1_09152016.xdc:87]
CRITICAL WARNING: [Common 17-55] 'set_property' expects at least one object. [/home/jellyfish/Documents/FPGA_Accelerated_Computer_Vision_on_Train_Active_Safety_System/src/vivadoProject/vivadoProject.srcs/constrs_1/imports/src/791706_001_zcu102_Rev1.0_U1_09152016.xdc:87]
Resolution: If [get_<value>] was used to populate the object, check to make sure this command returns at least one valid object.
WARNING: [Vivado 12-584] No ports matched 'HDMI_RX_HPD'. [/home/jellyfish/Documents/FPGA_Accelerated_Computer_Vision_on_Train_Active_Safety_System/src/vivadoProject/vivadoProject.srcs/constrs_1/imports/src/791706_001_zcu102_Rev1.0_U1_09152016.xdc:88]
CRITICAL WARNING: [Common 17-55] 'set_property' expects at least one object. [/home/jellyfish/Documents/FPGA_Accelerated_Computer_Vision_on_Train_Active_Safety_System/src/vivadoProject/vivadoProject.srcs/constrs_1/imports/src/791706_001_zcu102_Rev1.0_U1_09152016.xdc:88]
Resolution: If [get_<value>] was used to populate the object, check to make sure this command returns at least one valid object.
WARNING: [Vivado 12-584] No ports matched 'HDMI_RX_HPD'. [/home/jellyfish/Documents/FPGA_Accelerated_Computer_Vision_on_Train_Active_Safety_System/src/vivadoProject/vivadoProject.srcs/constrs_1/imports/src/791706_001_zcu102_Rev1.0_U1_09152016.xdc:89]
CRITICAL WARNING: [Common 17-55] 'set_property' expects at least one object. [/home/jellyfish/Documents/FPGA_Accelerated_Computer_Vision_on_Train_Active_Safety_System/src/vivadoProject/vivadoProject.srcs/constrs_1/imports/src/791706_001_zcu102_Rev1.0_U1_09152016.xdc:89]
Resolution: If [get_<value>] was used to populate the object, check to make sure this command returns at least one valid object.
WARNING: [Vivado 12-584] No ports matched 'HDMI_RX_CEC_SINK'. [/home/jellyfish/Documents/FPGA_Accelerated_Computer_Vision_on_Train_Active_Safety_System/src/vivadoProject/vivadoProject.srcs/constrs_1/imports/src/791706_001_zcu102_Rev1.0_U1_09152016.xdc:90]
CRITICAL WARNING: [Common 17-55] 'set_property' expects at least one object. [/home/jellyfish/Documents/FPGA_Accelerated_Computer_Vision_on_Train_Active_Safety_System/src/vivadoProject/vivadoProject.srcs/constrs_1/imports/src/791706_001_zcu102_Rev1.0_U1_09152016.xdc:90]
Resolution: If [get_<value>] was used to populate the object, check to make sure this command returns at least one valid object.
WARNING: [Vivado 12-584] No ports matched 'HDMI_RX_CEC_SINK'. [/home/jellyfish/Documents/FPGA_Accelerated_Computer_Vision_on_Train_Active_Safety_System/src/vivadoProject/vivadoProject.srcs/constrs_1/imports/src/791706_001_zcu102_Rev1.0_U1_09152016.xdc:91]
CRITICAL WARNING: [Common 17-55] 'set_property' expects at least one object. [/home/jellyfish/Documents/FPGA_Accelerated_Computer_Vision_on_Train_Active_Safety_System/src/vivadoProject/vivadoProject.srcs/constrs_1/imports/src/791706_001_zcu102_Rev1.0_U1_09152016.xdc:91]
Resolution: If [get_<value>] was used to populate the object, check to make sure this command returns at least one valid object.
WARNING: [Vivado 12-584] No ports matched 'HDMI_RX_SNK_SCL'. [/home/jellyfish/Documents/FPGA_Accelerated_Computer_Vision_on_Train_Active_Safety_System/src/vivadoProject/vivadoProject.srcs/constrs_1/imports/src/791706_001_zcu102_Rev1.0_U1_09152016.xdc:92]
CRITICAL WARNING: [Common 17-55] 'set_property' expects at least one object. [/home/jellyfish/Documents/FPGA_Accelerated_Computer_Vision_on_Train_Active_Safety_System/src/vivadoProject/vivadoProject.srcs/constrs_1/imports/src/791706_001_zcu102_Rev1.0_U1_09152016.xdc:92]
Resolution: If [get_<value>] was used to populate the object, check to make sure this command returns at least one valid object.
WARNING: [Vivado 12-584] No ports matched 'HDMI_RX_SNK_SCL'. [/home/jellyfish/Documents/FPGA_Accelerated_Computer_Vision_on_Train_Active_Safety_System/src/vivadoProject/vivadoProject.srcs/constrs_1/imports/src/791706_001_zcu102_Rev1.0_U1_09152016.xdc:93]
CRITICAL WARNING: [Common 17-55] 'set_property' expects at least one object. [/home/jellyfish/Documents/FPGA_Accelerated_Computer_Vision_on_Train_Active_Safety_System/src/vivadoProject/vivadoProject.srcs/constrs_1/imports/src/791706_001_zcu102_Rev1.0_U1_09152016.xdc:93]
Resolution: If [get_<value>] was used to populate the object, check to make sure this command returns at least one valid object.
WARNING: [Vivado 12-584] No ports matched 'HDMI_RX_SNK_SDA'. [/home/jellyfish/Documents/FPGA_Accelerated_Computer_Vision_on_Train_Active_Safety_System/src/vivadoProject/vivadoProject.srcs/constrs_1/imports/src/791706_001_zcu102_Rev1.0_U1_09152016.xdc:94]
CRITICAL WARNING: [Common 17-55] 'set_property' expects at least one object. [/home/jellyfish/Documents/FPGA_Accelerated_Computer_Vision_on_Train_Active_Safety_System/src/vivadoProject/vivadoProject.srcs/constrs_1/imports/src/791706_001_zcu102_Rev1.0_U1_09152016.xdc:94]
Resolution: If [get_<value>] was used to populate the object, check to make sure this command returns at least one valid object.
WARNING: [Vivado 12-584] No ports matched 'HDMI_RX_SNK_SDA'. [/home/jellyfish/Documents/FPGA_Accelerated_Computer_Vision_on_Train_Active_Safety_System/src/vivadoProject/vivadoProject.srcs/constrs_1/imports/src/791706_001_zcu102_Rev1.0_U1_09152016.xdc:95]
CRITICAL WARNING: [Common 17-55] 'set_property' expects at least one object. [/home/jellyfish/Documents/FPGA_Accelerated_Computer_Vision_on_Train_Active_Safety_System/src/vivadoProject/vivadoProject.srcs/constrs_1/imports/src/791706_001_zcu102_Rev1.0_U1_09152016.xdc:95]
Resolution: If [get_<value>] was used to populate the object, check to make sure this command returns at least one valid object.
WARNING: [Vivado 12-584] No ports matched 'HDMI_TX_EN'. [/home/jellyfish/Documents/FPGA_Accelerated_Computer_Vision_on_Train_Active_Safety_System/src/vivadoProject/vivadoProject.srcs/constrs_1/imports/src/791706_001_zcu102_Rev1.0_U1_09152016.xdc:96]
CRITICAL WARNING: [Common 17-55] 'set_property' expects at least one object. [/home/jellyfish/Documents/FPGA_Accelerated_Computer_Vision_on_Train_Active_Safety_System/src/vivadoProject/vivadoProject.srcs/constrs_1/imports/src/791706_001_zcu102_Rev1.0_U1_09152016.xdc:96]
Resolution: If [get_<value>] was used to populate the object, check to make sure this command returns at least one valid object.
WARNING: [Vivado 12-584] No ports matched 'HDMI_TX_EN'. [/home/jellyfish/Documents/FPGA_Accelerated_Computer_Vision_on_Train_Active_Safety_System/src/vivadoProject/vivadoProject.srcs/constrs_1/imports/src/791706_001_zcu102_Rev1.0_U1_09152016.xdc:97]
CRITICAL WARNING: [Common 17-55] 'set_property' expects at least one object. [/home/jellyfish/Documents/FPGA_Accelerated_Computer_Vision_on_Train_Active_Safety_System/src/vivadoProject/vivadoProject.srcs/constrs_1/imports/src/791706_001_zcu102_Rev1.0_U1_09152016.xdc:97]
Resolution: If [get_<value>] was used to populate the object, check to make sure this command returns at least one valid object.
WARNING: [Vivado 12-584] No ports matched 'HDMI_TX_CEC'. [/home/jellyfish/Documents/FPGA_Accelerated_Computer_Vision_on_Train_Active_Safety_System/src/vivadoProject/vivadoProject.srcs/constrs_1/imports/src/791706_001_zcu102_Rev1.0_U1_09152016.xdc:98]
CRITICAL WARNING: [Common 17-55] 'set_property' expects at least one object. [/home/jellyfish/Documents/FPGA_Accelerated_Computer_Vision_on_Train_Active_Safety_System/src/vivadoProject/vivadoProject.srcs/constrs_1/imports/src/791706_001_zcu102_Rev1.0_U1_09152016.xdc:98]
Resolution: If [get_<value>] was used to populate the object, check to make sure this command returns at least one valid object.
WARNING: [Vivado 12-584] No ports matched 'HDMI_TX_CEC'. [/home/jellyfish/Documents/FPGA_Accelerated_Computer_Vision_on_Train_Active_Safety_System/src/vivadoProject/vivadoProject.srcs/constrs_1/imports/src/791706_001_zcu102_Rev1.0_U1_09152016.xdc:99]
CRITICAL WARNING: [Common 17-55] 'set_property' expects at least one object. [/home/jellyfish/Documents/FPGA_Accelerated_Computer_Vision_on_Train_Active_Safety_System/src/vivadoProject/vivadoProject.srcs/constrs_1/imports/src/791706_001_zcu102_Rev1.0_U1_09152016.xdc:99]
Resolution: If [get_<value>] was used to populate the object, check to make sure this command returns at least one valid object.
WARNING: [Vivado 12-584] No ports matched 'HDMI_TX_HPD'. [/home/jellyfish/Documents/FPGA_Accelerated_Computer_Vision_on_Train_Active_Safety_System/src/vivadoProject/vivadoProject.srcs/constrs_1/imports/src/791706_001_zcu102_Rev1.0_U1_09152016.xdc:100]
CRITICAL WARNING: [Common 17-55] 'set_property' expects at least one object. [/home/jellyfish/Documents/FPGA_Accelerated_Computer_Vision_on_Train_Active_Safety_System/src/vivadoProject/vivadoProject.srcs/constrs_1/imports/src/791706_001_zcu102_Rev1.0_U1_09152016.xdc:100]
Resolution: If [get_<value>] was used to populate the object, check to make sure this command returns at least one valid object.
WARNING: [Vivado 12-584] No ports matched 'HDMI_TX_HPD'. [/home/jellyfish/Documents/FPGA_Accelerated_Computer_Vision_on_Train_Active_Safety_System/src/vivadoProject/vivadoProject.srcs/constrs_1/imports/src/791706_001_zcu102_Rev1.0_U1_09152016.xdc:101]
CRITICAL WARNING: [Common 17-55] 'set_property' expects at least one object. [/home/jellyfish/Documents/FPGA_Accelerated_Computer_Vision_on_Train_Active_Safety_System/src/vivadoProject/vivadoProject.srcs/constrs_1/imports/src/791706_001_zcu102_Rev1.0_U1_09152016.xdc:101]
Resolution: If [get_<value>] was used to populate the object, check to make sure this command returns at least one valid object.
WARNING: [Vivado 12-584] No ports matched 'HDMI_TX_SRC_SCL'. [/home/jellyfish/Documents/FPGA_Accelerated_Computer_Vision_on_Train_Active_Safety_System/src/vivadoProject/vivadoProject.srcs/constrs_1/imports/src/791706_001_zcu102_Rev1.0_U1_09152016.xdc:102]
CRITICAL WARNING: [Common 17-55] 'set_property' expects at least one object. [/home/jellyfish/Documents/FPGA_Accelerated_Computer_Vision_on_Train_Active_Safety_System/src/vivadoProject/vivadoProject.srcs/constrs_1/imports/src/791706_001_zcu102_Rev1.0_U1_09152016.xdc:102]
Resolution: If [get_<value>] was used to populate the object, check to make sure this command returns at least one valid object.
WARNING: [Vivado 12-584] No ports matched 'HDMI_TX_SRC_SCL'. [/home/jellyfish/Documents/FPGA_Accelerated_Computer_Vision_on_Train_Active_Safety_System/src/vivadoProject/vivadoProject.srcs/constrs_1/imports/src/791706_001_zcu102_Rev1.0_U1_09152016.xdc:103]
CRITICAL WARNING: [Common 17-55] 'set_property' expects at least one object. [/home/jellyfish/Documents/FPGA_Accelerated_Computer_Vision_on_Train_Active_Safety_System/src/vivadoProject/vivadoProject.srcs/constrs_1/imports/src/791706_001_zcu102_Rev1.0_U1_09152016.xdc:103]
Resolution: If [get_<value>] was used to populate the object, check to make sure this command returns at least one valid object.
WARNING: [Vivado 12-584] No ports matched 'HDMI_TX_SRC_SDA'. [/home/jellyfish/Documents/FPGA_Accelerated_Computer_Vision_on_Train_Active_Safety_System/src/vivadoProject/vivadoProject.srcs/constrs_1/imports/src/791706_001_zcu102_Rev1.0_U1_09152016.xdc:104]
CRITICAL WARNING: [Common 17-55] 'set_property' expects at least one object. [/home/jellyfish/Documents/FPGA_Accelerated_Computer_Vision_on_Train_Active_Safety_System/src/vivadoProject/vivadoProject.srcs/constrs_1/imports/src/791706_001_zcu102_Rev1.0_U1_09152016.xdc:104]
Resolution: If [get_<value>] was used to populate the object, check to make sure this command returns at least one valid object.
WARNING: [Vivado 12-584] No ports matched 'HDMI_TX_SRC_SDA'. [/home/jellyfish/Documents/FPGA_Accelerated_Computer_Vision_on_Train_Active_Safety_System/src/vivadoProject/vivadoProject.srcs/constrs_1/imports/src/791706_001_zcu102_Rev1.0_U1_09152016.xdc:105]
CRITICAL WARNING: [Common 17-55] 'set_property' expects at least one object. [/home/jellyfish/Documents/FPGA_Accelerated_Computer_Vision_on_Train_Active_Safety_System/src/vivadoProject/vivadoProject.srcs/constrs_1/imports/src/791706_001_zcu102_Rev1.0_U1_09152016.xdc:105]
Resolution: If [get_<value>] was used to populate the object, check to make sure this command returns at least one valid object.
WARNING: [Vivado 12-584] No ports matched 'HDMI_CTL_SCL'. [/home/jellyfish/Documents/FPGA_Accelerated_Computer_Vision_on_Train_Active_Safety_System/src/vivadoProject/vivadoProject.srcs/constrs_1/imports/src/791706_001_zcu102_Rev1.0_U1_09152016.xdc:106]
CRITICAL WARNING: [Common 17-55] 'set_property' expects at least one object. [/home/jellyfish/Documents/FPGA_Accelerated_Computer_Vision_on_Train_Active_Safety_System/src/vivadoProject/vivadoProject.srcs/constrs_1/imports/src/791706_001_zcu102_Rev1.0_U1_09152016.xdc:106]
Resolution: If [get_<value>] was used to populate the object, check to make sure this command returns at least one valid object.
WARNING: [Vivado 12-584] No ports matched 'HDMI_CTL_SCL'. [/home/jellyfish/Documents/FPGA_Accelerated_Computer_Vision_on_Train_Active_Safety_System/src/vivadoProject/vivadoProject.srcs/constrs_1/imports/src/791706_001_zcu102_Rev1.0_U1_09152016.xdc:107]
CRITICAL WARNING: [Common 17-55] 'set_property' expects at least one object. [/home/jellyfish/Documents/FPGA_Accelerated_Computer_Vision_on_Train_Active_Safety_System/src/vivadoProject/vivadoProject.srcs/constrs_1/imports/src/791706_001_zcu102_Rev1.0_U1_09152016.xdc:107]
Resolution: If [get_<value>] was used to populate the object, check to make sure this command returns at least one valid object.
WARNING: [Vivado 12-584] No ports matched 'HDMI_CTL_SDA'. [/home/jellyfish/Documents/FPGA_Accelerated_Computer_Vision_on_Train_Active_Safety_System/src/vivadoProject/vivadoProject.srcs/constrs_1/imports/src/791706_001_zcu102_Rev1.0_U1_09152016.xdc:108]
CRITICAL WARNING: [Common 17-55] 'set_property' expects at least one object. [/home/jellyfish/Documents/FPGA_Accelerated_Computer_Vision_on_Train_Active_Safety_System/src/vivadoProject/vivadoProject.srcs/constrs_1/imports/src/791706_001_zcu102_Rev1.0_U1_09152016.xdc:108]
Resolution: If [get_<value>] was used to populate the object, check to make sure this command returns at least one valid object.
WARNING: [Vivado 12-584] No ports matched 'HDMI_CTL_SDA'. [/home/jellyfish/Documents/FPGA_Accelerated_Computer_Vision_on_Train_Active_Safety_System/src/vivadoProject/vivadoProject.srcs/constrs_1/imports/src/791706_001_zcu102_Rev1.0_U1_09152016.xdc:109]
CRITICAL WARNING: [Common 17-55] 'set_property' expects at least one object. [/home/jellyfish/Documents/FPGA_Accelerated_Computer_Vision_on_Train_Active_Safety_System/src/vivadoProject/vivadoProject.srcs/constrs_1/imports/src/791706_001_zcu102_Rev1.0_U1_09152016.xdc:109]
Resolution: If [get_<value>] was used to populate the object, check to make sure this command returns at least one valid object.
WARNING: [Vivado 12-584] No ports matched 'TRACEDBGRQ'. [/home/jellyfish/Documents/FPGA_Accelerated_Computer_Vision_on_Train_Active_Safety_System/src/vivadoProject/vivadoProject.srcs/constrs_1/imports/src/791706_001_zcu102_Rev1.0_U1_09152016.xdc:110]
CRITICAL WARNING: [Common 17-55] 'set_property' expects at least one object. [/home/jellyfish/Documents/FPGA_Accelerated_Computer_Vision_on_Train_Active_Safety_System/src/vivadoProject/vivadoProject.srcs/constrs_1/imports/src/791706_001_zcu102_Rev1.0_U1_09152016.xdc:110]
Resolution: If [get_<value>] was used to populate the object, check to make sure this command returns at least one valid object.
WARNING: [Vivado 12-584] No ports matched 'TRACEDBGRQ'. [/home/jellyfish/Documents/FPGA_Accelerated_Computer_Vision_on_Train_Active_Safety_System/src/vivadoProject/vivadoProject.srcs/constrs_1/imports/src/791706_001_zcu102_Rev1.0_U1_09152016.xdc:111]
CRITICAL WARNING: [Common 17-55] 'set_property' expects at least one object. [/home/jellyfish/Documents/FPGA_Accelerated_Computer_Vision_on_Train_Active_Safety_System/src/vivadoProject/vivadoProject.srcs/constrs_1/imports/src/791706_001_zcu102_Rev1.0_U1_09152016.xdc:111]
Resolution: If [get_<value>] was used to populate the object, check to make sure this command returns at least one valid object.
WARNING: [Vivado 12-584] No ports matched 'TRACESRST_B'. [/home/jellyfish/Documents/FPGA_Accelerated_Computer_Vision_on_Train_Active_Safety_System/src/vivadoProject/vivadoProject.srcs/constrs_1/imports/src/791706_001_zcu102_Rev1.0_U1_09152016.xdc:112]
CRITICAL WARNING: [Common 17-55] 'set_property' expects at least one object. [/home/jellyfish/Documents/FPGA_Accelerated_Computer_Vision_on_Train_Active_Safety_System/src/vivadoProject/vivadoProject.srcs/constrs_1/imports/src/791706_001_zcu102_Rev1.0_U1_09152016.xdc:112]
Resolution: If [get_<value>] was used to populate the object, check to make sure this command returns at least one valid object.
WARNING: [Vivado 12-584] No ports matched 'TRACESRST_B'. [/home/jellyfish/Documents/FPGA_Accelerated_Computer_Vision_on_Train_Active_Safety_System/src/vivadoProject/vivadoProject.srcs/constrs_1/imports/src/791706_001_zcu102_Rev1.0_U1_09152016.xdc:113]
CRITICAL WARNING: [Common 17-55] 'set_property' expects at least one object. [/home/jellyfish/Documents/FPGA_Accelerated_Computer_Vision_on_Train_Active_Safety_System/src/vivadoProject/vivadoProject.srcs/constrs_1/imports/src/791706_001_zcu102_Rev1.0_U1_09152016.xdc:113]
Resolution: If [get_<value>] was used to populate the object, check to make sure this command returns at least one valid object.
WARNING: [Vivado 12-584] No ports matched 'TRACETDO'. [/home/jellyfish/Documents/FPGA_Accelerated_Computer_Vision_on_Train_Active_Safety_System/src/vivadoProject/vivadoProject.srcs/constrs_1/imports/src/791706_001_zcu102_Rev1.0_U1_09152016.xdc:114]
CRITICAL WARNING: [Common 17-55] 'set_property' expects at least one object. [/home/jellyfish/Documents/FPGA_Accelerated_Computer_Vision_on_Train_Active_Safety_System/src/vivadoProject/vivadoProject.srcs/constrs_1/imports/src/791706_001_zcu102_Rev1.0_U1_09152016.xdc:114]
Resolution: If [get_<value>] was used to populate the object, check to make sure this command returns at least one valid object.
WARNING: [Vivado 12-584] No ports matched 'TRACETDO'. [/home/jellyfish/Documents/FPGA_Accelerated_Computer_Vision_on_Train_Active_Safety_System/src/vivadoProject/vivadoProject.srcs/constrs_1/imports/src/791706_001_zcu102_Rev1.0_U1_09152016.xdc:115]
INFO: [Common 17-14] Message 'Vivado 12-584' appears 100 times and further instances of the messages will be disabled. Use the Tcl command set_msg_config to change the current settings. [/home/jellyfish/Documents/FPGA_Accelerated_Computer_Vision_on_Train_Active_Safety_System/src/vivadoProject/vivadoProject.srcs/constrs_1/imports/src/791706_001_zcu102_Rev1.0_U1_09152016.xdc:115]
CRITICAL WARNING: [Common 17-55] 'set_property' expects at least one object. [/home/jellyfish/Documents/FPGA_Accelerated_Computer_Vision_on_Train_Active_Safety_System/src/vivadoProject/vivadoProject.srcs/constrs_1/imports/src/791706_001_zcu102_Rev1.0_U1_09152016.xdc:115]
Resolution: If [get_<value>] was used to populate the object, check to make sure this command returns at least one valid object.
Finished Parsing XDC File [/home/jellyfish/Documents/FPGA_Accelerated_Computer_Vision_on_Train_Active_Safety_System/src/vivadoProject/vivadoProject.srcs/constrs_1/imports/src/791706_001_zcu102_Rev1.0_U1_09152016.xdc]
INFO: [Project 1-236] Implementation specific constraints were found while reading constraint file [/home/jellyfish/Documents/FPGA_Accelerated_Computer_Vision_on_Train_Active_Safety_System/src/vivadoProject/vivadoProject.srcs/constrs_1/imports/src/791706_001_zcu102_Rev1.0_U1_09152016.xdc]. These constraints will be ignored for synthesis but will be used in implementation. Impacted constraints are listed in the file [.Xil/test_propImpl.xdc].
Resolution: To avoid this warning, move constraints listed in [.Xil/test_propImpl.xdc] to another XDC file and exclude this new file from synthesis with the used_in_synthesis property (File Properties dialog in GUI) and re-run elaboration/synthesis.
Completed Processing XDC Constraints

Netlist sorting complete. Time (s): cpu = 00:00:00 ; elapsed = 00:00:00 . Memory (MB): peak = 2631.562 ; gain = 0.000 ; free physical = 395 ; free virtual = 13507
INFO: [Project 1-111] Unisim Transformation Summary:
No Unisim elements were transformed.

Constraint Validation Runtime : Time (s): cpu = 00:00:00 ; elapsed = 00:00:00 . Memory (MB): peak = 2631.562 ; gain = 0.000 ; free physical = 395 ; free virtual = 13507
---------------------------------------------------------------------------------
Finished Constraint Validation : Time (s): cpu = 00:00:10 ; elapsed = 00:00:10 . Memory (MB): peak = 2631.562 ; gain = 288.262 ; free physical = 252 ; free virtual = 13364
---------------------------------------------------------------------------------
---------------------------------------------------------------------------------
Start Loading Part and Timing Information
---------------------------------------------------------------------------------
Loading part: xczu9eg-ffvb1156-2-e
INFO: [Synth 8-6742] Reading net delay rules and data
---------------------------------------------------------------------------------
Finished Loading Part and Timing Information : Time (s): cpu = 00:00:10 ; elapsed = 00:00:10 . Memory (MB): peak = 2639.566 ; gain = 296.266 ; free physical = 252 ; free virtual = 13364
---------------------------------------------------------------------------------
---------------------------------------------------------------------------------
Start Applying 'set_property' XDC Constraints
---------------------------------------------------------------------------------
---------------------------------------------------------------------------------
Finished applying 'set_property' XDC Constraints : Time (s): cpu = 00:00:10 ; elapsed = 00:00:10 . Memory (MB): peak = 2639.566 ; gain = 296.266 ; free physical = 252 ; free virtual = 13364
---------------------------------------------------------------------------------
---------------------------------------------------------------------------------
Finished RTL Optimization Phase 2 : Time (s): cpu = 00:00:10 ; elapsed = 00:00:11 . Memory (MB): peak = 2639.566 ; gain = 296.266 ; free physical = 249 ; free virtual = 13362
---------------------------------------------------------------------------------
---------------------------------------------------------------------------------
Start RTL Component Statistics 
---------------------------------------------------------------------------------
Detailed RTL Component Info : 
---------------------------------------------------------------------------------
Finished RTL Component Statistics 
---------------------------------------------------------------------------------
---------------------------------------------------------------------------------
Start Part Resource Summary
---------------------------------------------------------------------------------
Part Resources:
DSPs: 2520 (col length:168)
BRAMs: 1824 (col length: RAMB18 168 RAMB36 84)
---------------------------------------------------------------------------------
Finished Part Resource Summary
---------------------------------------------------------------------------------
---------------------------------------------------------------------------------
Start Cross Boundary and Area Optimization
---------------------------------------------------------------------------------
WARNING: [Synth 8-7080] Parallel synthesis criteria is not met
WARNING: [Synth 8-3330] design test has an empty top module
---------------------------------------------------------------------------------
Finished Cross Boundary and Area Optimization : Time (s): cpu = 00:00:12 ; elapsed = 00:00:12 . Memory (MB): peak = 2639.566 ; gain = 296.266 ; free physical = 225 ; free virtual = 13342
---------------------------------------------------------------------------------
---------------------------------------------------------------------------------
Start Applying XDC Timing Constraints
---------------------------------------------------------------------------------
---------------------------------------------------------------------------------
Finished Applying XDC Timing Constraints : Time (s): cpu = 00:00:24 ; elapsed = 00:00:25 . Memory (MB): peak = 3277.773 ; gain = 934.473 ; free physical = 149 ; free virtual = 12686
---------------------------------------------------------------------------------
---------------------------------------------------------------------------------
Start Timing Optimization
---------------------------------------------------------------------------------
---------------------------------------------------------------------------------
Finished Timing Optimization : Time (s): cpu = 00:00:24 ; elapsed = 00:00:25 . Memory (MB): peak = 3277.773 ; gain = 934.473 ; free physical = 149 ; free virtual = 12687
---------------------------------------------------------------------------------
---------------------------------------------------------------------------------
Start Technology Mapping
---------------------------------------------------------------------------------
---------------------------------------------------------------------------------
Finished Technology Mapping : Time (s): cpu = 00:00:24 ; elapsed = 00:00:25 . Memory (MB): peak = 3286.789 ; gain = 943.488 ; free physical = 149 ; free virtual = 12692
---------------------------------------------------------------------------------
---------------------------------------------------------------------------------
Start IO Insertion
---------------------------------------------------------------------------------
---------------------------------------------------------------------------------
Start Flattening Before IO Insertion
---------------------------------------------------------------------------------
---------------------------------------------------------------------------------
Finished Flattening Before IO Insertion
---------------------------------------------------------------------------------
---------------------------------------------------------------------------------
Start Final Netlist Cleanup
---------------------------------------------------------------------------------
---------------------------------------------------------------------------------
Finished Final Netlist Cleanup
---------------------------------------------------------------------------------
---------------------------------------------------------------------------------
Finished IO Insertion : Time (s): cpu = 00:00:27 ; elapsed = 00:00:29 . Memory (MB): peak = 3449.602 ; gain = 1106.301 ; free physical = 192 ; free virtual = 12614
---------------------------------------------------------------------------------
---------------------------------------------------------------------------------
Start Renaming Generated Instances
---------------------------------------------------------------------------------
---------------------------------------------------------------------------------
Finished Renaming Generated Instances : Time (s): cpu = 00:00:27 ; elapsed = 00:00:29 . Memory (MB): peak = 3449.602 ; gain = 1106.301 ; free physical = 192 ; free virtual = 12614
---------------------------------------------------------------------------------
---------------------------------------------------------------------------------
Start Rebuilding User Hierarchy
---------------------------------------------------------------------------------
---------------------------------------------------------------------------------
Finished Rebuilding User Hierarchy : Time (s): cpu = 00:00:27 ; elapsed = 00:00:29 . Memory (MB): peak = 3449.602 ; gain = 1106.301 ; free physical = 192 ; free virtual = 12615
---------------------------------------------------------------------------------
---------------------------------------------------------------------------------
Start Renaming Generated Ports
---------------------------------------------------------------------------------
---------------------------------------------------------------------------------
Finished Renaming Generated Ports : Time (s): cpu = 00:00:27 ; elapsed = 00:00:29 . Memory (MB): peak = 3449.602 ; gain = 1106.301 ; free physical = 191 ; free virtual = 12615
---------------------------------------------------------------------------------
---------------------------------------------------------------------------------
Start Handling Custom Attributes
---------------------------------------------------------------------------------
---------------------------------------------------------------------------------
Finished Handling Custom Attributes : Time (s): cpu = 00:00:27 ; elapsed = 00:00:29 . Memory (MB): peak = 3449.602 ; gain = 1106.301 ; free physical = 191 ; free virtual = 12615
---------------------------------------------------------------------------------
---------------------------------------------------------------------------------
Start Renaming Generated Nets
---------------------------------------------------------------------------------
---------------------------------------------------------------------------------
Finished Renaming Generated Nets : Time (s): cpu = 00:00:27 ; elapsed = 00:00:29 . Memory (MB): peak = 3449.602 ; gain = 1106.301 ; free physical = 191 ; free virtual = 12615
---------------------------------------------------------------------------------
---------------------------------------------------------------------------------
Start Writing Synthesis Report
---------------------------------------------------------------------------------

Report BlackBoxes: 
+-+--------------+----------+
| |BlackBox name |Instances |
+-+--------------+----------+
+-+--------------+----------+

Report Cell Usage: 
+------+-----+------+
|      |Cell |Count |
+------+-----+------+
|1     |IBUF |     1|
|2     |OBUF |     1|
+------+-----+------+
---------------------------------------------------------------------------------
Finished Writing Synthesis Report : Time (s): cpu = 00:00:27 ; elapsed = 00:00:29 . Memory (MB): peak = 3449.602 ; gain = 1106.301 ; free physical = 183 ; free virtual = 12608
---------------------------------------------------------------------------------
Synthesis finished with 0 errors, 0 critical warnings and 2 warnings.
Synthesis Optimization Runtime : Time (s): cpu = 00:00:26 ; elapsed = 00:00:27 . Memory (MB): peak = 3449.602 ; gain = 1034.637 ; free physical = 183 ; free virtual = 12603
Synthesis Optimization Complete : Time (s): cpu = 00:00:27 ; elapsed = 00:00:29 . Memory (MB): peak = 3449.602 ; gain = 1106.301 ; free physical = 183 ; free virtual = 12603
INFO: [Project 1-571] Translating synthesized netlist
Netlist sorting complete. Time (s): cpu = 00:00:00 ; elapsed = 00:00:00 . Memory (MB): peak = 3449.602 ; gain = 0.000 ; free physical = 143 ; free virtual = 12612
INFO: [Netlist 29-17] Analyzing 1 Unisim elements for replacement
INFO: [Netlist 29-28] Unisim Transformation completed in 0 CPU seconds
INFO: [Project 1-570] Preparing netlist for logic optimization
INFO: [Opt 31-138] Pushed 0 inverter(s) to 0 load pin(s).
Netlist sorting complete. Time (s): cpu = 00:00:00 ; elapsed = 00:00:00 . Memory (MB): peak = 3449.602 ; gain = 0.000 ; free physical = 193 ; free virtual = 12809
INFO: [Project 1-111] Unisim Transformation Summary:
  A total of 1 instances were transformed.
  IBUF => IBUF (IBUFCTRL, INBUF): 1 instance 

Synth Design complete | Checksum: 27509dc7
INFO: [Common 17-83] Releasing license: Synthesis
22 Infos, 103 Warnings, 100 Critical Warnings and 0 Errors encountered.
synth_design completed successfully
synth_design: Time (s): cpu = 00:00:36 ; elapsed = 00:00:36 . Memory (MB): peak = 3449.602 ; gain = 1963.945 ; free physical = 151 ; free virtual = 12798
INFO: [Common 17-2834] synth_design peak Physical Memory [PSS] (MB): overall = 2555.850; main = 2555.850; forked = 267.991
INFO: [Common 17-2834] synth_design peak Virtual Memory [VSS] (MB): overall = 3991.078; main = 3375.773; forked = 942.434
INFO: [runtcl-6] Synthesis results are not added to the cache due to CRITICAL_WARNING
Write ShapeDB Complete: Time (s): cpu = 00:00:00 ; elapsed = 00:00:00 . Memory (MB): peak = 3449.602 ; gain = 0.000 ; free physical = 198 ; free virtual = 12815
INFO: [Common 17-1381] The checkpoint '/home/jellyfish/Documents/FPGA_Accelerated_Computer_Vision_on_Train_Active_Safety_System/src/vivadoProject/vivadoProject.runs/synth_1/test.dcp' has been generated.
INFO: [Vivado 12-24828] Executing command : report_utilization -file test_utilization_synth.rpt -pb test_utilization_synth.pb
INFO: [Common 17-206] Exiting Vivado at Tue May 13 17:20:58 2025...
